Release 14.1 - Xilinx CORE Generator P.15xf (lin64)
Copyright (c) 1995-2012 Xilinx, Inc.  All rights reserved.
All runtime messages will be recorded in
/home/cc/cs150/fa12/class/cs150-cw/Desktop/CS150cp4v3/skeleton/hardware/src/bios
_mem/coregen.log
Saved CGP file for project 'coregen'.
Saved CGP file for project 'coregen'.
Release 14.1 - Xilinx CORE Generator P.15xf (lin64)
Copyright (c) 1995-2012 Xilinx, Inc.  All rights reserved.
All runtime messages will be recorded in
/home/cc/cs150/fa12/class/cs150-cw/Desktop/CS150cp4v3/skeleton/hardware/src/bios
_mem/coregen.log
Resolving generic values...
Finished resolving generic values.
Generating IP...
XST: HDL Compilation
XST: Design Hierarchy Analysis
XST: HDL Analysis
XST: HDL Synthesis
XST: Advanced HDL Synthesis
XST: Low Level Synthesis
XST: Partition Report
XST: Final Report
Generating Implementation files.
Exception in thread "Thread-0" java.lang.InternalError: Can't connect to X11
window server using 'localhost:10.0' as the value of the DISPLAY variable.
	at sun.awt.X11GraphicsEnvironment.initDisplay(Native Method)
	at sun.awt.X11GraphicsEnvironment.access$000(Unknown Source)
	at sun.awt.X11GraphicsEnvironment$1.run(Unknown Source)
	at java.security.AccessController.doPrivileged(Native Method)
	at sun.awt.X11GraphicsEnvironment.<clinit>(Unknown Source)
	at java.lang.Class.forName0(Native Method)
	at java.lang.Class.forName(Unknown Source)
	at java.awt.GraphicsEnvironment.getLocalGraphicsEnvironment(Unknown Source)
	at sun.awt.X11.XToolkit.<clinit>(Unknown Source)
	at java.lang.Class.forName0(Native Method)
	at java.lang.Class.forName(Unknown Source)
	at java.awt.Toolkit$2.run(Unknown Source)
	at java.security.AccessController.doPrivileged(Native Method)
	at java.awt.Toolkit.getDefaultToolkit(Unknown Source)
	at java.awt.Toolkit.getEventQueue(Unknown Source)
	at java.awt.EventQueue.invokeLater(Unknown Source)
	at javax.swing.SwingUtilities.invokeLater(Unknown Source)
	at com.xilinx.coreutil.util.guis.SwingWorker$2.run(Unknown Source)
	at java.lang.Thread.run(Unknown Source)
Generating NGC file.

Command Line: /opt/Xilinx/14.1/ISE_DS/ISE/bin/lin64/unwrapped/ngcbuild -intstyle
ise -dd ./tmp/_cg/ ./tmp/_cg/bios_mem.edn ./tmp/_cg/bios_mem_unobf.ngc

Executing edif2ngd -noa "tmp/_cg/bios_mem.edn" "tmp/_cg/bios_mem.ngo"
Release 14.1 - edif2ngd P.15xf (lin64)
Copyright (c) 1995-2012 Xilinx, Inc.  All rights reserved.
INFO:NgdBuild - Release 14.1 edif2ngd P.15xf (lin64)
INFO:NgdBuild - Copyright (c) 1995-2012 Xilinx, Inc.  All rights reserved.
Writing module to "tmp/_cg/bios_mem.ngo"...
Reading NGO file
"/home/cc/cs150/fa12/class/cs150-cw/Desktop/CS150cp4v3/skeleton/hardware/src/bio
s_mem/tmp/_cg/bios_mem.ngo" ...
Loading design module "./tmp/_cg/bios_mem_blk_mem_gen_v4_3_xst_1.ngc"...

Partition Implementation Status
-------------------------------

  No Partitions were found in this design.

-------------------------------

NGCBUILD Design Results Summary:
  Number of errors:     0
  Number of warnings:   0

Writing NGC file "./tmp/_cg/bios_mem_unobf.ngc" ...
Total REAL time to NGCBUILD completion:  25 sec
Total CPU time to NGCBUILD completion:   15 sec

Writing NGCBUILD log file "./tmp/_cg/bios_mem_unobf.blc"...

NGCBUILD done.
Finished Generation.
Generating IP instantiation template...
Generating ASY schematic symbol...
Generating metadata file...
Generating ISE project...
XCO file found: bios_mem.xco
XMDF file found: bios_mem_xmdf.tcl
Adding
/home/cc/cs150/fa12/class/cs150-cw/Desktop/CS150cp4v3/skeleton/hardware/src/bios
_mem/tmp/_cg/bios_mem.asy -view all -origin_type imported
Adding
/home/cc/cs150/fa12/class/cs150-cw/Desktop/CS150cp4v3/skeleton/hardware/src/bios
_mem/tmp/_cg/bios_mem.ngc -view all -origin_type created
Checking file
"/home/cc/cs150/fa12/class/cs150-cw/Desktop/CS150cp4v3/skeleton/hardware/src/bio
s_mem/tmp/_cg/bios_mem.ngc" for project device match ...
File
"/home/cc/cs150/fa12/class/cs150-cw/Desktop/CS150cp4v3/skeleton/hardware/src/bio
s_mem/tmp/_cg/bios_mem.ngc" device information matches project device.
Adding
/home/cc/cs150/fa12/class/cs150-cw/Desktop/CS150cp4v3/skeleton/hardware/src/bios
_mem/tmp/_cg/bios_mem.v -view all -origin_type created
INFO:HDLCompiler:1845 - Analyzing Verilog file
   "/home/cc/cs150/fa12/class/cs150-cw/Desktop/CS150cp4v3/skeleton/hardware/src/
   bios_mem/tmp/_cg/bios_mem.v" into library work
INFO:ProjectMgmt - Parsing design hierarchy completed successfully.
Adding
/home/cc/cs150/fa12/class/cs150-cw/Desktop/CS150cp4v3/skeleton/hardware/src/bios
_mem/tmp/_cg/bios_mem.veo -view all -origin_type imported
Adding
/home/cc/cs150/fa12/class/cs150-cw/Desktop/CS150cp4v3/skeleton/hardware/src/bios
_mem/tmp/_cg/blk_mem_gen_readme.txt -view all -origin_type imported
INFO:TclTasksC:2116 - The automatic calculation of top has been turned-off.
   Please set the new top explicitly by running the "project set top" command.
   To re-calculate the new top automatically, set the "Auto Implementation Top"
   property to true.
Top level has been set to "/bios_mem"
Generating README file...
Generating FLIST file...
Moving files to output directory...
Finished moving files to output directory
Saved CGP file for project 'coregen'.
Release 14.1 - Xilinx CORE Generator P.15xf (lin64)
Copyright (c) 1995-2012 Xilinx, Inc.  All rights reserved.
All runtime messages will be recorded in
/home/cc/cs150/fa12/class/cs150-cw/Desktop/CS150cp4v3/skeleton/hardware/src/cach
e_data_blk_ram/coregen.log
Saved CGP file for project 'coregen'.
Saved CGP file for project 'coregen'.
Release 14.1 - Xilinx CORE Generator P.15xf (lin64)
Copyright (c) 1995-2012 Xilinx, Inc.  All rights reserved.
All runtime messages will be recorded in
/home/cc/cs150/fa12/class/cs150-cw/Desktop/CS150cp4v3/skeleton/hardware/src/cach
e_data_blk_ram/coregen.log
Resolving generic values...
Finished resolving generic values.
Generating IP...
XST: HDL Compilation
XST: Design Hierarchy Analysis
XST: HDL Analysis
XST: HDL Synthesis
XST: Advanced HDL Synthesis
XST: Low Level Synthesis
XST: Partition Report
XST: Final Report
Generating Implementation files.
Exception in thread "Thread-0" java.lang.InternalError: Can't connect to X11
window server using 'localhost:10.0' as the value of the DISPLAY variable.
	at sun.awt.X11GraphicsEnvironment.initDisplay(Native Method)
	at sun.awt.X11GraphicsEnvironment.access$000(Unknown Source)
	at sun.awt.X11GraphicsEnvironment$1.run(Unknown Source)
	at java.security.AccessController.doPrivileged(Native Method)
	at sun.awt.X11GraphicsEnvironment.<clinit>(Unknown Source)
	at java.lang.Class.forName0(Native Method)
	at java.lang.Class.forName(Unknown Source)
	at java.awt.GraphicsEnvironment.getLocalGraphicsEnvironment(Unknown Source)
	at sun.awt.X11.XToolkit.<clinit>(Unknown Source)
	at java.lang.Class.forName0(Native Method)
	at java.lang.Class.forName(Unknown Source)
	at java.awt.Toolkit$2.run(Unknown Source)
	at java.security.AccessController.doPrivileged(Native Method)
	at java.awt.Toolkit.getDefaultToolkit(Unknown Source)
	at java.awt.Toolkit.getEventQueue(Unknown Source)
	at java.awt.EventQueue.invokeLater(Unknown Source)
	at javax.swing.SwingUtilities.invokeLater(Unknown Source)
	at com.xilinx.coreutil.util.guis.SwingWorker$2.run(Unknown Source)
	at java.lang.Thread.run(Unknown Source)
Generating NGC file.

Command Line: /opt/Xilinx/14.1/ISE_DS/ISE/bin/lin64/unwrapped/ngcbuild -intstyle
ise -dd ./tmp/_cg/ ./tmp/_cg/cache_data_blk_ram.edn
./tmp/_cg/cache_data_blk_ram_unobf.ngc

Executing edif2ngd -noa "tmp/_cg/cache_data_blk_ram.edn"
"tmp/_cg/cache_data_blk_ram.ngo"
Release 14.1 - edif2ngd P.15xf (lin64)
Copyright (c) 1995-2012 Xilinx, Inc.  All rights reserved.
INFO:NgdBuild - Release 14.1 edif2ngd P.15xf (lin64)
INFO:NgdBuild - Copyright (c) 1995-2012 Xilinx, Inc.  All rights reserved.
Writing module to "tmp/_cg/cache_data_blk_ram.ngo"...
Reading NGO file
"/home/cc/cs150/fa12/class/cs150-cw/Desktop/CS150cp4v3/skeleton/hardware/src/cac
he_data_blk_ram/tmp/_cg/cache_data_blk_ram.ngo" ...
Loading design module
"./tmp/_cg/cache_data_blk_ram_blk_mem_gen_v4_3_xst_1.ngc"...

Partition Implementation Status
-------------------------------

  No Partitions were found in this design.

-------------------------------

NGCBUILD Design Results Summary:
  Number of errors:     0
  Number of warnings:   0

Writing NGC file "./tmp/_cg/cache_data_blk_ram_unobf.ngc" ...
Total REAL time to NGCBUILD completion:  23 sec
Total CPU time to NGCBUILD completion:   15 sec

Writing NGCBUILD log file "./tmp/_cg/cache_data_blk_ram_unobf.blc"...

NGCBUILD done.
Finished Generation.
Generating IP instantiation template...
Generating ASY schematic symbol...
Generating metadata file...
Generating ISE project...
XCO file found: cache_data_blk_ram.xco
XMDF file found: cache_data_blk_ram_xmdf.tcl
Adding
/home/cc/cs150/fa12/class/cs150-cw/Desktop/CS150cp4v3/skeleton/hardware/src/cach
e_data_blk_ram/tmp/_cg/blk_mem_gen_readme.txt -view all -origin_type imported
Adding
/home/cc/cs150/fa12/class/cs150-cw/Desktop/CS150cp4v3/skeleton/hardware/src/cach
e_data_blk_ram/tmp/_cg/cache_data_blk_ram.asy -view all -origin_type imported
Adding
/home/cc/cs150/fa12/class/cs150-cw/Desktop/CS150cp4v3/skeleton/hardware/src/cach
e_data_blk_ram/tmp/_cg/cache_data_blk_ram.ngc -view all -origin_type created
Checking file
"/home/cc/cs150/fa12/class/cs150-cw/Desktop/CS150cp4v3/skeleton/hardware/src/cac
he_data_blk_ram/tmp/_cg/cache_data_blk_ram.ngc" for project device match ...
File
"/home/cc/cs150/fa12/class/cs150-cw/Desktop/CS150cp4v3/skeleton/hardware/src/cac
he_data_blk_ram/tmp/_cg/cache_data_blk_ram.ngc" device information matches
project device.
Adding
/home/cc/cs150/fa12/class/cs150-cw/Desktop/CS150cp4v3/skeleton/hardware/src/cach
e_data_blk_ram/tmp/_cg/cache_data_blk_ram.v -view all -origin_type created
INFO:HDLCompiler:1845 - Analyzing Verilog file
   "/home/cc/cs150/fa12/class/cs150-cw/Desktop/CS150cp4v3/skeleton/hardware/src/
   cache_data_blk_ram/tmp/_cg/cache_data_blk_ram.v" into library work
INFO:ProjectMgmt - Parsing design hierarchy completed successfully.
Adding
/home/cc/cs150/fa12/class/cs150-cw/Desktop/CS150cp4v3/skeleton/hardware/src/cach
e_data_blk_ram/tmp/_cg/cache_data_blk_ram.veo -view all -origin_type imported
INFO:TclTasksC:2116 - The automatic calculation of top has been turned-off.
   Please set the new top explicitly by running the "project set top" command.
   To re-calculate the new top automatically, set the "Auto Implementation Top"
   property to true.
Top level has been set to "/cache_data_blk_ram"
Generating README file...
Generating FLIST file...
Moving files to output directory...
Finished moving files to output directory
Saved CGP file for project 'coregen'.
Release 14.1 - Xilinx CORE Generator P.15xf (lin64)
Copyright (c) 1995-2012 Xilinx, Inc.  All rights reserved.
All runtime messages will be recorded in
/home/cc/cs150/fa12/class/cs150-cw/Desktop/CS150cp4v3/skeleton/hardware/src/cach
e_tag_blk_ram/coregen.log
Saved CGP file for project 'coregen'.
Saved CGP file for project 'coregen'.
Release 14.1 - Xilinx CORE Generator P.15xf (lin64)
Copyright (c) 1995-2012 Xilinx, Inc.  All rights reserved.
All runtime messages will be recorded in
/home/cc/cs150/fa12/class/cs150-cw/Desktop/CS150cp4v3/skeleton/hardware/src/cach
e_tag_blk_ram/coregen.log
Resolving generic values...
Finished resolving generic values.
Generating IP...
XST: HDL Compilation
XST: Design Hierarchy Analysis
XST: HDL Analysis
XST: HDL Synthesis
XST: Advanced HDL Synthesis
XST: Low Level Synthesis
XST: Partition Report
XST: Final Report
Generating the Verilog wrapper.
Exception in thread "Thread-0" java.lang.InternalError: Can't connect to X11
window server using 'localhost:10.0' as the value of the DISPLAY variable.
	at sun.awt.X11GraphicsEnvironment.initDisplay(Native Method)
	at sun.awt.X11GraphicsEnvironment.access$000(Unknown Source)
	at sun.awt.X11GraphicsEnvironment$1.run(Unknown Source)
	at java.security.AccessController.doPrivileged(Native Method)
	at sun.awt.X11GraphicsEnvironment.<clinit>(Unknown Source)
	at java.lang.Class.forName0(Native Method)
	at java.lang.Class.forName(Unknown Source)
	at java.awt.GraphicsEnvironment.getLocalGraphicsEnvironment(Unknown Source)
	at sun.awt.X11.XToolkit.<clinit>(Unknown Source)
	at java.lang.Class.forName0(Native Method)
	at java.lang.Class.forName(Unknown Source)
	at java.awt.Toolkit$2.run(Unknown Source)
	at java.security.AccessController.doPrivileged(Native Method)
	at java.awt.Toolkit.getDefaultToolkit(Unknown Source)
	at java.awt.Toolkit.getEventQueue(Unknown Source)
	at java.awt.EventQueue.invokeLater(Unknown Source)
	at javax.swing.SwingUtilities.invokeLater(Unknown Source)
	at com.xilinx.coreutil.util.guis.SwingWorker$2.run(Unknown Source)
	at java.lang.Thread.run(Unknown Source)
