INFO:encore:314 - Created non-GUI application for batch mode execution.
INFO:sim:172 - Generating IP...
Resolving generic values...
Finished resolving generic values.
Generating IP...
WARNING:sim:89 - A core named <mig_wdf> already exists in the output directory.
   Output products for this core may be overwritten.
XST: HDL Compilation
XST: Design Hierarchy Analysis
XST: HDL Analysis
XST: HDL Synthesis
XST: Advanced HDL Synthesis
XST: Low Level Synthesis
XST: Partition Report
XST: Final Report
Generating Implementation files.
Exception in thread "Thread-0" java.lang.InternalError: Can't connect to X11
window server using 'localhost:10.0' as the value of the DISPLAY variable.
	at sun.awt.X11GraphicsEnvironment.initDisplay(Native Method)
	at sun.awt.X11GraphicsEnvironment.access$000(Unknown Source)
	at sun.awt.X11GraphicsEnvironment$1.run(Unknown Source)
	at java.security.AccessController.doPrivileged(Native Method)
	at sun.awt.X11GraphicsEnvironment.<clinit>(Unknown Source)
	at java.lang.Class.forName0(Native Method)
	at java.lang.Class.forName(Unknown Source)
	at java.awt.GraphicsEnvironment.getLocalGraphicsEnvironment(Unknown Source)
	at sun.awt.X11.XToolkit.<clinit>(Unknown Source)
	at java.lang.Class.forName0(Native Method)
	at java.lang.Class.forName(Unknown Source)
	at java.awt.Toolkit$2.run(Unknown Source)
	at java.security.AccessController.doPrivileged(Native Method)
	at java.awt.Toolkit.getDefaultToolkit(Unknown Source)
	at java.awt.Toolkit.getEventQueue(Unknown Source)
	at java.awt.EventQueue.invokeLater(Unknown Source)
	at javax.swing.SwingUtilities.invokeLater(Unknown Source)
	at com.xilinx.coreutil.util.guis.SwingWorker$2.run(Unknown Source)
	at java.lang.Thread.run(Unknown Source)
Generating NGC file.
Generating Verilog structural model.
Finished Generation.
Generating IP instantiation template...
Generating ASY schematic symbol...
INFO:sim:949 - Finished generation of ASY schematic symbol.
Generating metadata file...
Generating ISE project...
XCO file found: mig_wdf.xco
XMDF file found: mig_wdf_xmdf.tcl
Adding
/home/cc/cs150/fa12/class/cs150-bb/Project/skeleton/hardware/src/mig_wdf/tmp/_cg
/fifo_generator_readme.txt -view all -origin_type imported
Adding
/home/cc/cs150/fa12/class/cs150-bb/Project/skeleton/hardware/src/mig_wdf/tmp/_cg
/mig_wdf.asy -view all -origin_type imported
Adding
/home/cc/cs150/fa12/class/cs150-bb/Project/skeleton/hardware/src/mig_wdf/tmp/_cg
/mig_wdf.ngc -view all -origin_type created
Checking file
"/home/cc/cs150/fa12/class/cs150-bb/Project/skeleton/hardware/src/mig_wdf/tmp/_c
g/mig_wdf.ngc" for project device match ...
File
"/home/cc/cs150/fa12/class/cs150-bb/Project/skeleton/hardware/src/mig_wdf/tmp/_c
g/mig_wdf.ngc" device information matches project device.
Adding
/home/cc/cs150/fa12/class/cs150-bb/Project/skeleton/hardware/src/mig_wdf/tmp/_cg
/mig_wdf.v -view all -origin_type created
INFO:HDLCompiler:1845 - Analyzing Verilog file
   "/home/cc/cs150/fa12/class/cs150-bb/Project/skeleton/hardware/src/mig_wdf/tmp
   /_cg/mig_wdf.v" into library work
INFO:ProjectMgmt - Parsing design hierarchy completed successfully.
Adding
/home/cc/cs150/fa12/class/cs150-bb/Project/skeleton/hardware/src/mig_wdf/tmp/_cg
/mig_wdf.veo -view all -origin_type imported
INFO:TclTasksC:2116 - The automatic calculation of top has been turned-off.
   Please set the new top explicitly by running the "project set top" command.
   To re-calculate the new top automatically, set the "Auto Implementation Top"
   property to true.
Top level has been set to "/mig_wdf"
Generating README file...
Generating FLIST file...
INFO:sim:948 - Finished FLIST file generation.
Moving files to output directory...
Finished moving files to output directory
Saved CGP file for project 'coregen'.
