Welcome to Xilinx CORE Generator.
Help system initialized.
The IP Catalog has been reloaded.
Opening project file
/home/cc/cs150/fa12/class/cs150-cw/Downloads/lab3/src/chipscope/coregen.cgp.
Recustomize and Generate (Under Original Project Settings)INFO:sim:172 - Generating IP...
WARNING:sim:100 - The Simulation File Type <Behavioral> is not valid for this
   core. Overriding with File Type <structural>.
Customizing IP...
Release 14.1 - Xilinx CORE Generator IP GUI Launcher P.15xf (lin64)
Copyright (c) 1995-2012 Xilinx, Inc.  All rights reserved.
Finished Customizing.
Generating IP...
WARNING:sim:89 - A core named <chipscope_ila> already exists in the output
   directory. Output products for this core may be overwritten.
Configuring files for chipscope_ila root...
Gathering HDL files for chipscope_ila root...
Creating XST project for chipscope_ila...
Creating XST script file for chipscope_ila...
Creating XST instantiation file for chipscope_ila...
Running XST for chipscope_ila...
XST: HDL Compilation
XST: Design Hierarchy Analysis
XST: HDL Analysis
XST: HDL Synthesis
XST: Advanced HDL Synthesis
XST: Low Level Synthesis
Not generating VHDL wrapper
Generating Verilog wrapper
Skipping VHDL instantiation template for chipscope_ila...
Creating ISE instantiation template for chipscope_ila...
Finished Generation.
Generating IP instantiation template...
Generating ASY schematic symbol...
INFO:sim:949 - Finished generation of ASY schematic symbol.
Generating metadata file...
Generating ISE project...
XCO file found: chipscope_ila.xco
XMDF file found: chipscope_ila_xmdf.tcl
Adding
/home/cc/cs150/fa12/class/cs150-cw/Downloads/lab3/src/chipscope/tmp/_cg/chipscop
e_ila.asy -view all -origin_type imported
Adding
/home/cc/cs150/fa12/class/cs150-cw/Downloads/lab3/src/chipscope/tmp/_cg/chipscop
e_ila.ngc -view all -origin_type created
Checking file
"/home/cc/cs150/fa12/class/cs150-cw/Downloads/lab3/src/chipscope/tmp/_cg/chipsco
pe_ila.ngc" for project device match ...
File
"/home/cc/cs150/fa12/class/cs150-cw/Downloads/lab3/src/chipscope/tmp/_cg/chipsco
pe_ila.ngc" device information matches project device.
Adding
/home/cc/cs150/fa12/class/cs150-cw/Downloads/lab3/src/chipscope/tmp/_cg/chipscop
e_ila.v -view all -origin_type created
INFO:HDLCompiler:1845 - Analyzing Verilog file
   "/home/cc/cs150/fa12/class/cs150-cw/Downloads/lab3/src/chipscope/tmp/_cg/chip
   scope_ila.v" into library work
INFO:ProjectMgmt - Parsing design hierarchy completed successfully.
Adding
/home/cc/cs150/fa12/class/cs150-cw/Downloads/lab3/src/chipscope/tmp/_cg/chipscop
e_ila.veo -view all -origin_type imported
INFO:TclTasksC:2116 - The automatic calculation of top has been turned-off.
   Please set the new top explicitly by running the "project set top" command.
   To re-calculate the new top automatically, set the "Auto Implementation Top"
   property to true.
Top level has been set to "/chipscope_ila"
Generating README file...
Generating FLIST file...
ERROR:coreutil:573 - Unable to revert working directory to 
INFO:sim:948 - Finished FLIST file generation.
Launching README viewer...
Moving files to output directory...
Finished moving files to output directory
Saved CGP file for project 'coregen'.
Closed project file.
