INFO:encore:314 - Created non-GUI application for batch mode execution.
INFO:sim:172 - Generating IP...
Resolving generic values...
Finished resolving generic values.
Generating IP...
WARNING:sim:89 - A core named <blk_mem_gen_v4_3> already exists in the output
   directory. Output products for this core may be overwritten.
XST: HDL Compilation
XST: Design Hierarchy Analysis
XST: HDL Analysis
XST: HDL Synthesis
XST: Advanced HDL Synthesis
XST: Low Level Synthesis
XST: Partition Report
XST: Final Report
Generating Implementation files.
Generating NGC file.
Finished Generation.
Generating IP instantiation template...
Generating ASY schematic symbol...
INFO:sim:949 - Finished generation of ASY schematic symbol.
Generating metadata file...
Generating ISE project...
XCO file found: blk_mem_gen_v4_3.xco
XMDF file found: blk_mem_gen_v4_3_xmdf.tcl
Adding
/home/cc/cs150/fa12/class/cs150-cw/Downloads/lab3/src/blk_ram/tmp/_cg/blk_mem_ge
n_readme.txt -view all -origin_type imported
Adding
/home/cc/cs150/fa12/class/cs150-cw/Downloads/lab3/src/blk_ram/tmp/_cg/blk_mem_ge
n_v4_3.asy -view all -origin_type imported
Adding
/home/cc/cs150/fa12/class/cs150-cw/Downloads/lab3/src/blk_ram/tmp/_cg/blk_mem_ge
n_v4_3.ngc -view all -origin_type created
Checking file
"/home/cc/cs150/fa12/class/cs150-cw/Downloads/lab3/src/blk_ram/tmp/_cg/blk_mem_g
en_v4_3.ngc" for project device match ...
File
"/home/cc/cs150/fa12/class/cs150-cw/Downloads/lab3/src/blk_ram/tmp/_cg/blk_mem_g
en_v4_3.ngc" device information matches project device.
Adding
/home/cc/cs150/fa12/class/cs150-cw/Downloads/lab3/src/blk_ram/tmp/_cg/blk_mem_ge
n_v4_3.v -view all -origin_type created
INFO:HDLCompiler:1845 - Analyzing Verilog file
   "/home/cc/cs150/fa12/class/cs150-cw/Downloads/lab3/src/blk_ram/tmp/_cg/blk_me
   m_gen_v4_3.v" into library work
INFO:ProjectMgmt - Parsing design hierarchy completed successfully.
Adding
/home/cc/cs150/fa12/class/cs150-cw/Downloads/lab3/src/blk_ram/tmp/_cg/blk_mem_ge
n_v4_3.veo -view all -origin_type imported
INFO:TclTasksC:2116 - The automatic calculation of top has been turned-off.
   Please set the new top explicitly by running the "project set top" command.
   To re-calculate the new top automatically, set the "Auto Implementation Top"
   property to true.
Top level has been set to "/blk_mem_gen_v4_3"
Generating README file...
Generating FLIST file...
INFO:sim:948 - Finished FLIST file generation.
Moving files to output directory...
Finished moving files to output directory
Saved CGP file for project 'coregen'.
