INFO:encore:314 - Created non-GUI application for batch mode execution.
INFO:sim:172 - Generating IP...
Resolving generic values...
Finished resolving generic values.
Generating IP...
WARNING:sim:89 - A core named <cache_tag_blk_ram> already exists in the output
   directory. Output products for this core may be overwritten.
XST: HDL Compilation
XST: Design Hierarchy Analysis
XST: HDL Analysis
XST: HDL Synthesis
XST: Advanced HDL Synthesis
XST: Low Level Synthesis
XST: Partition Report
XST: Final Report
Generating the Verilog wrapper.
Exception in thread "Thread-0" java.lang.InternalError: Can't connect to X11
window server using 'localhost:10.0' as the value of the DISPLAY variable.
	at sun.awt.X11GraphicsEnvironment.initDisplay(Native Method)
	at sun.awt.X11GraphicsEnvironment.access$000(Unknown Source)
	at sun.awt.X11GraphicsEnvironment$1.run(Unknown Source)
	at java.security.AccessController.doPrivileged(Native Method)
	at sun.awt.X11GraphicsEnvironment.<clinit>(Unknown Source)
	at java.lang.Class.forName0(Native Method)
	at java.lang.Class.forName(Unknown Source)
	at java.awt.GraphicsEnvironment.getLocalGraphicsEnvironment(Unknown Source)
	at sun.awt.X11.XToolkit.<clinit>(Unknown Source)
	at java.lang.Class.forName0(Native Method)
	at java.lang.Class.forName(Unknown Source)
	at java.awt.Toolkit$2.run(Unknown Source)
	at java.security.AccessController.doPrivileged(Native Method)
	at java.awt.Toolkit.getDefaultToolkit(Unknown Source)
	at java.awt.Toolkit.getEventQueue(Unknown Source)
	at java.awt.EventQueue.invokeLater(Unknown Source)
	at javax.swing.SwingUtilities.invokeLater(Unknown Source)
	at com.xilinx.coreutil.util.guis.SwingWorker$2.run(Unknown Source)
	at java.lang.Thread.run(Unknown Source)
